<?xml version="1.0" encoding="UTF-8"?>
<!-- Generated by org.testng.reporters.JUnitReportReporter -->
<testsuite hostname="Dharmu" failures="0" tests="1" name="ebay_TestScripts.ToApplyMultipleFilters" time="69.534" errors="0" timestamp="2024-04-06T22:47:05 IST" skipped="0">
  <testcase classname="ebay_TestScripts.ToApplyMultipleFilters" name="ToApplyFilters" time="69.534"/>
</testsuite> <!-- ebay_TestScripts.ToApplyMultipleFilters -->
